<?xml version="1.0" encoding="UTF-8"?>
<testsuites>
  <testsuite name="/Users/ooop/projects/oihana/oihana-php-core/phpunit.xml" tests="87" assertions="172" errors="0" failures="0" skipped="0" time="0.012767">
    <testsuite name="Application" tests="87" assertions="172" errors="0" failures="0" skipped="0" time="0.012767">
      <testsuite name="oihana\core\date\IsDateTest" file="/Users/ooop/projects/oihana/oihana-php-core/tests/oihana/core/date/IsDateTest.php" tests="9" assertions="28" errors="0" failures="0" skipped="0" time="0.001900">
        <testcase name="testValidDates" file="/Users/ooop/projects/oihana/oihana-php-core/tests/oihana/core/date/IsDateTest.php" line="9" class="oihana\core\date\IsDateTest" classname="oihana.core.date.IsDateTest" assertions="3" time="0.000415"/>
        <testcase name="testInvalidDates" file="/Users/ooop/projects/oihana/oihana-php-core/tests/oihana/core/date/IsDateTest.php" line="16" class="oihana\core\date\IsDateTest" classname="oihana.core.date.IsDateTest" assertions="4" time="0.000513"/>
        <testcase name="testEmptyAndNullDates" file="/Users/ooop/projects/oihana/oihana-php-core/tests/oihana/core/date/IsDateTest.php" line="24" class="oihana\core\date\IsDateTest" classname="oihana.core.date.IsDateTest" assertions="2" time="0.000150"/>
        <testcase name="testCustomFormats" file="/Users/ooop/projects/oihana/oihana-php-core/tests/oihana/core/date/IsDateTest.php" line="30" class="oihana\core\date\IsDateTest" classname="oihana.core.date.IsDateTest" assertions="5" time="0.000148"/>
        <testcase name="testEdgeCases" file="/Users/ooop/projects/oihana/oihana-php-core/tests/oihana/core/date/IsDateTest.php" line="42" class="oihana\core\date\IsDateTest" classname="oihana.core.date.IsDateTest" assertions="8" time="0.000143"/>
        <testcase name="testSpecialCharacters" file="/Users/ooop/projects/oihana/oihana-php-core/tests/oihana/core/date/IsDateTest.php" line="59" class="oihana\core\date\IsDateTest" classname="oihana.core.date.IsDateTest" assertions="2" time="0.000127"/>
        <testcase name="testDifferentLocales" file="/Users/ooop/projects/oihana/oihana-php-core/tests/oihana/core/date/IsDateTest.php" line="65" class="oihana\core\date\IsDateTest" classname="oihana.core.date.IsDateTest" assertions="1" time="0.000143"/>
        <testcase name="testWithCustomSeparators" file="/Users/ooop/projects/oihana/oihana-php-core/tests/oihana/core/date/IsDateTest.php" line="71" class="oihana\core\date\IsDateTest" classname="oihana.core.date.IsDateTest" assertions="2" time="0.000135"/>
        <testcase name="testWithTimezones" file="/Users/ooop/projects/oihana/oihana-php-core/tests/oihana/core/date/IsDateTest.php" line="78" class="oihana\core\date\IsDateTest" classname="oihana.core.date.IsDateTest" assertions="1" time="0.000128"/>
      </testsuite>
      <testsuite name="oihana\core\IfNullTest" file="/Users/ooop/projects/oihana/oihana-php-core/tests/oihana/core/ifNullTest.php" tests="5" assertions="5" errors="0" failures="0" skipped="0" time="0.000672">
        <testcase name="testReturnsValueWhenNotNull" file="/Users/ooop/projects/oihana/oihana-php-core/tests/oihana/core/ifNullTest.php" line="9" class="oihana\core\IfNullTest" classname="oihana.core.IfNullTest" assertions="1" time="0.000139"/>
        <testcase name="testReturnsDefaultWhenValueIsNull" file="/Users/ooop/projects/oihana/oihana-php-core/tests/oihana/core/ifNullTest.php" line="14" class="oihana\core\IfNullTest" classname="oihana.core.IfNullTest" assertions="1" time="0.000135"/>
        <testcase name="testReturnsNullWhenBothAreNull" file="/Users/ooop/projects/oihana/oihana-php-core/tests/oihana/core/ifNullTest.php" line="19" class="oihana\core\IfNullTest" classname="oihana.core.IfNullTest" assertions="1" time="0.000136"/>
        <testcase name="testReturnsValueWhenItIsAnArray" file="/Users/ooop/projects/oihana/oihana-php-core/tests/oihana/core/ifNullTest.php" line="24" class="oihana\core\IfNullTest" classname="oihana.core.IfNullTest" assertions="1" time="0.000135"/>
        <testcase name="testReturnsDefaultWhenItIsAnArray" file="/Users/ooop/projects/oihana/oihana-php-core/tests/oihana/core/ifNullTest.php" line="29" class="oihana\core\IfNullTest" classname="oihana.core.IfNullTest" assertions="1" time="0.000127"/>
      </testsuite>
      <testsuite name="oihana\core\objects\CompressTest" file="/Users/ooop/projects/oihana/oihana-php-core/tests/oihana/core/objects/CompressTest.php" tests="10" assertions="26" errors="0" failures="0" skipped="0" time="0.001356">
        <testcase name="testCompressRemovesNullProperties" file="/Users/ooop/projects/oihana/oihana-php-core/tests/oihana/core/objects/CompressTest.php" line="10" class="oihana\core\objects\CompressTest" classname="oihana.core.objects.CompressTest" assertions="3" time="0.000142"/>
        <testcase name="testCompressKeepsExcludedNullProperties" file="/Users/ooop/projects/oihana/oihana-php-core/tests/oihana/core/objects/CompressTest.php" line="25" class="oihana\core\objects\CompressTest" classname="oihana.core.objects.CompressTest" assertions="2" time="0.000142"/>
        <testcase name="testCompressKeepsAllIfNoNulls" file="/Users/ooop/projects/oihana/oihana-php-core/tests/oihana/core/objects/CompressTest.php" line="38" class="oihana\core\objects\CompressTest" classname="oihana.core.objects.CompressTest" assertions="1" time="0.000131"/>
        <testcase name="testCompressEmptyObject" file="/Users/ooop/projects/oihana/oihana-php-core/tests/oihana/core/objects/CompressTest.php" line="49" class="oihana\core\objects\CompressTest" classname="oihana.core.objects.CompressTest" assertions="1" time="0.000130"/>
        <testcase name="testCompressRemovesMultipleNullsExceptExcluded" file="/Users/ooop/projects/oihana/oihana-php-core/tests/oihana/core/objects/CompressTest.php" line="58" class="oihana\core\objects\CompressTest" classname="oihana.core.objects.CompressTest" assertions="4" time="0.000132"/>
        <testcase name="testCompressWithCustomConditions" file="/Users/ooop/projects/oihana/oihana-php-core/tests/oihana/core/objects/CompressTest.php" line="75" class="oihana\core\objects\CompressTest" classname="oihana.core.objects.CompressTest" assertions="3" time="0.000143"/>
        <testcase name="testCompressIgnoresInvalidConditionSilently" file="/Users/ooop/projects/oihana/oihana-php-core/tests/oihana/core/objects/CompressTest.php" line="99" class="oihana\core\objects\CompressTest" classname="oihana.core.objects.CompressTest" assertions="1" time="0.000148"/>
        <testcase name="testCompressRecursively" file="/Users/ooop/projects/oihana/oihana-php-core/tests/oihana/core/objects/CompressTest.php" line="116" class="oihana\core\objects\CompressTest" classname="oihana.core.objects.CompressTest" assertions="4" time="0.000123"/>
        <testcase name="testCompressWithDepthLimit" file="/Users/ooop/projects/oihana/oihana-php-core/tests/oihana/core/objects/CompressTest.php" line="144" class="oihana\core\objects\CompressTest" classname="oihana.core.objects.CompressTest" assertions="3" time="0.000132"/>
        <testcase name="testCompressArrayOfObjects" file="/Users/ooop/projects/oihana/oihana-php-core/tests/oihana/core/objects/CompressTest.php" line="174" class="oihana\core\objects\CompressTest" classname="oihana.core.objects.CompressTest" assertions="4" time="0.000132"/>
      </testsuite>
      <testsuite name="oihana\core\strings\FastFormatTest" file="/Users/ooop/projects/oihana/oihana-php-core/tests/oihana/core/strings/FastFormatTest.php" tests="25" assertions="27" errors="0" failures="0" skipped="0" time="0.003526">
        <testcase name="testNullPattern" file="/Users/ooop/projects/oihana/oihana-php-core/tests/oihana/core/strings/FastFormatTest.php" line="10" class="oihana\core\strings\FastFormatTest" classname="oihana.core.strings.FastFormatTest" assertions="1" time="0.000133"/>
        <testcase name="testEmptyPattern" file="/Users/ooop/projects/oihana/oihana-php-core/tests/oihana/core/strings/FastFormatTest.php" line="15" class="oihana\core\strings\FastFormatTest" classname="oihana.core.strings.FastFormatTest" assertions="1" time="0.000134"/>
        <testcase name="testNoArgs" file="/Users/ooop/projects/oihana/oihana-php-core/tests/oihana/core/strings/FastFormatTest.php" line="20" class="oihana\core\strings\FastFormatTest" classname="oihana.core.strings.FastFormatTest" assertions="1" time="0.000114"/>
        <testcase name="testFirstArgIsArray" file="/Users/ooop/projects/oihana/oihana-php-core/tests/oihana/core/strings/FastFormatTest.php" line="25" class="oihana\core\strings\FastFormatTest" classname="oihana.core.strings.FastFormatTest" assertions="1" time="0.000137"/>
        <testcase name="testBasicReplacement" file="/Users/ooop/projects/oihana/oihana-php-core/tests/oihana/core/strings/FastFormatTest.php" line="30" class="oihana\core\strings\FastFormatTest" classname="oihana.core.strings.FastFormatTest" assertions="1" time="0.000136"/>
        <testcase name="testMultipleReplacements" file="/Users/ooop/projects/oihana/oihana-php-core/tests/oihana/core/strings/FastFormatTest.php" line="35" class="oihana\core\strings\FastFormatTest" classname="oihana.core.strings.FastFormatTest" assertions="1" time="0.000124"/>
        <testcase name="testMissingPlaceholder" file="/Users/ooop/projects/oihana/oihana-php-core/tests/oihana/core/strings/FastFormatTest.php" line="40" class="oihana\core\strings\FastFormatTest" classname="oihana.core.strings.FastFormatTest" assertions="1" time="0.000120"/>
        <testcase name="testExtraArgs" file="/Users/ooop/projects/oihana/oihana-php-core/tests/oihana/core/strings/FastFormatTest.php" line="45" class="oihana\core\strings\FastFormatTest" classname="oihana.core.strings.FastFormatTest" assertions="1" time="0.000143"/>
        <testcase name="testNonStringArgs" file="/Users/ooop/projects/oihana/oihana-php-core/tests/oihana/core/strings/FastFormatTest.php" line="50" class="oihana\core\strings\FastFormatTest" classname="oihana.core.strings.FastFormatTest" assertions="3" time="0.000123"/>
        <testcase name="testNonNumericPlaceholders" file="/Users/ooop/projects/oihana/oihana-php-core/tests/oihana/core/strings/FastFormatTest.php" line="57" class="oihana\core\strings\FastFormatTest" classname="oihana.core.strings.FastFormatTest" assertions="1" time="0.000120"/>
        <testcase name="testNoPlaceholders" file="/Users/ooop/projects/oihana/oihana-php-core/tests/oihana/core/strings/FastFormatTest.php" line="62" class="oihana\core\strings\FastFormatTest" classname="oihana.core.strings.FastFormatTest" assertions="1" time="0.000131"/>
        <testcase name="testEmptyArrayArg" file="/Users/ooop/projects/oihana/oihana-php-core/tests/oihana/core/strings/FastFormatTest.php" line="67" class="oihana\core\strings\FastFormatTest" classname="oihana.core.strings.FastFormatTest" assertions="1" time="0.000129"/>
        <testcase name="testMultiplePlaceholders" file="/Users/ooop/projects/oihana/oihana-php-core/tests/oihana/core/strings/FastFormatTest.php" line="72" class="oihana\core\strings\FastFormatTest" classname="oihana.core.strings.FastFormatTest" assertions="1" time="0.000121"/>
        <testcase name="testNonSequentialPlaceholders" file="/Users/ooop/projects/oihana/oihana-php-core/tests/oihana/core/strings/FastFormatTest.php" line="77" class="oihana\core\strings\FastFormatTest" classname="oihana.core.strings.FastFormatTest" assertions="1" time="0.000137"/>
        <testcase name="testRepeatedPlaceholders" file="/Users/ooop/projects/oihana/oihana-php-core/tests/oihana/core/strings/FastFormatTest.php" line="82" class="oihana\core\strings\FastFormatTest" classname="oihana.core.strings.FastFormatTest" assertions="1" time="0.000135"/>
        <testcase name="testPlaceholdersNoArgs" file="/Users/ooop/projects/oihana/oihana-php-core/tests/oihana/core/strings/FastFormatTest.php" line="87" class="oihana\core\strings\FastFormatTest" classname="oihana.core.strings.FastFormatTest" assertions="1" time="0.000117"/>
        <testcase name="testPlaceholdersEmptyArrayArg" file="/Users/ooop/projects/oihana/oihana-php-core/tests/oihana/core/strings/FastFormatTest.php" line="92" class="oihana\core\strings\FastFormatTest" classname="oihana.core.strings.FastFormatTest" assertions="1" time="0.000273"/>
        <testcase name="testComplexPattern" file="/Users/ooop/projects/oihana/oihana-php-core/tests/oihana/core/strings/FastFormatTest.php" line="97" class="oihana\core\strings\FastFormatTest" classname="oihana.core.strings.FastFormatTest" assertions="1" time="0.000231"/>
        <testcase name="testLargeIndex" file="/Users/ooop/projects/oihana/oihana-php-core/tests/oihana/core/strings/FastFormatTest.php" line="105" class="oihana\core\strings\FastFormatTest" classname="oihana.core.strings.FastFormatTest" assertions="1" time="0.000170"/>
        <testcase name="testNegativeIndex" file="/Users/ooop/projects/oihana/oihana-php-core/tests/oihana/core/strings/FastFormatTest.php" line="113" class="oihana\core\strings\FastFormatTest" classname="oihana.core.strings.FastFormatTest" assertions="1" time="0.000142"/>
        <testcase name="testNonIntegerIndex" file="/Users/ooop/projects/oihana/oihana-php-core/tests/oihana/core/strings/FastFormatTest.php" line="121" class="oihana\core\strings\FastFormatTest" classname="oihana.core.strings.FastFormatTest" assertions="1" time="0.000128"/>
        <testcase name="testArrayWithGaps" file="/Users/ooop/projects/oihana/oihana-php-core/tests/oihana/core/strings/FastFormatTest.php" line="129" class="oihana\core\strings\FastFormatTest" classname="oihana.core.strings.FastFormatTest" assertions="1" time="0.000128"/>
        <testcase name="testInstanceArgument" file="/Users/ooop/projects/oihana/oihana-php-core/tests/oihana/core/strings/FastFormatTest.php" line="137" class="oihana\core\strings\FastFormatTest" classname="oihana.core.strings.FastFormatTest" assertions="1" time="0.000140"/>
        <testcase name="testObjectArgument" file="/Users/ooop/projects/oihana/oihana-php-core/tests/oihana/core/strings/FastFormatTest.php" line="150" class="oihana\core\strings\FastFormatTest" classname="oihana.core.strings.FastFormatTest" assertions="1" time="0.000123"/>
        <testcase name="testObjectArgumentWithCustomToString" file="/Users/ooop/projects/oihana/oihana-php-core/tests/oihana/core/strings/FastFormatTest.php" line="157" class="oihana\core\strings\FastFormatTest" classname="oihana.core.strings.FastFormatTest" assertions="1" time="0.000138"/>
      </testsuite>
      <testsuite name="oihana\core\strings\LuhnTest" file="/Users/ooop/projects/oihana/oihana-php-core/tests/oihana/core/strings/LuhnTest.php" tests="6" assertions="24" errors="0" failures="0" skipped="0" time="0.000851">
        <testcase name="testValidLuhnNumbers" file="/Users/ooop/projects/oihana/oihana-php-core/tests/oihana/core/strings/LuhnTest.php" line="9" class="oihana\core\strings\LuhnTest" classname="oihana.core.strings.LuhnTest" assertions="5" time="0.000154"/>
        <testcase name="testInvalidLuhnNumbers" file="/Users/ooop/projects/oihana/oihana-php-core/tests/oihana/core/strings/LuhnTest.php" line="18" class="oihana\core\strings\LuhnTest" classname="oihana.core.strings.LuhnTest" assertions="4" time="0.000132"/>
        <testcase name="testEdgeCases" file="/Users/ooop/projects/oihana/oihana-php-core/tests/oihana/core/strings/LuhnTest.php" line="26" class="oihana\core\strings\LuhnTest" classname="oihana.core.strings.LuhnTest" assertions="4" time="0.000159"/>
        <testcase name="testNonNumericString" file="/Users/ooop/projects/oihana/oihana-php-core/tests/oihana/core/strings/LuhnTest.php" line="34" class="oihana\core\strings\LuhnTest" classname="oihana.core.strings.LuhnTest" assertions="3" time="0.000126"/>
        <testcase name="testValidLuhnNumbersLazy" file="/Users/ooop/projects/oihana/oihana-php-core/tests/oihana/core/strings/LuhnTest.php" line="41" class="oihana\core\strings\LuhnTest" classname="oihana.core.strings.LuhnTest" assertions="4" time="0.000147"/>
        <testcase name="testInvalidLuhnNumbersLazy" file="/Users/ooop/projects/oihana/oihana-php-core/tests/oihana/core/strings/LuhnTest.php" line="50" class="oihana\core\strings\LuhnTest" classname="oihana.core.strings.LuhnTest" assertions="4" time="0.000134"/>
      </testsuite>
      <testsuite name="oihana\core\strings\ToCamelCastTest" file="/Users/ooop/projects/oihana/oihana-php-core/tests/oihana/core/strings/ToCamelCastTest.php" tests="10" assertions="19" errors="0" failures="0" skipped="0" time="0.001242">
        <testcase name="testBasicCases" file="/Users/ooop/projects/oihana/oihana-php-core/tests/oihana/core/strings/ToCamelCastTest.php" line="9" class="oihana\core\strings\ToCamelCastTest" classname="oihana.core.strings.ToCamelCastTest" assertions="4" time="0.000138"/>
        <testcase name="testAlreadyCamelCase" file="/Users/ooop/projects/oihana/oihana-php-core/tests/oihana/core/strings/ToCamelCastTest.php" line="17" class="oihana\core\strings\ToCamelCastTest" classname="oihana.core.strings.ToCamelCastTest" assertions="2" time="0.000124"/>
        <testcase name="testNoSeparators" file="/Users/ooop/projects/oihana/oihana-php-core/tests/oihana/core/strings/ToCamelCastTest.php" line="23" class="oihana\core\strings\ToCamelCastTest" classname="oihana.core.strings.ToCamelCastTest" assertions="2" time="0.000121"/>
        <testcase name="testEmptyString" file="/Users/ooop/projects/oihana/oihana-php-core/tests/oihana/core/strings/ToCamelCastTest.php" line="29" class="oihana\core\strings\ToCamelCastTest" classname="oihana.core.strings.ToCamelCastTest" assertions="1" time="0.000126"/>
        <testcase name="testWithSpaces" file="/Users/ooop/projects/oihana/oihana-php-core/tests/oihana/core/strings/ToCamelCastTest.php" line="34" class="oihana\core\strings\ToCamelCastTest" classname="oihana.core.strings.ToCamelCastTest" assertions="1" time="0.000116"/>
        <testcase name="testCustomSeparators" file="/Users/ooop/projects/oihana/oihana-php-core/tests/oihana/core/strings/ToCamelCastTest.php" line="40" class="oihana\core\strings\ToCamelCastTest" classname="oihana.core.strings.ToCamelCastTest" assertions="2" time="0.000121"/>
        <testcase name="testConsecutiveSeparators" file="/Users/ooop/projects/oihana/oihana-php-core/tests/oihana/core/strings/ToCamelCastTest.php" line="47" class="oihana\core\strings\ToCamelCastTest" classname="oihana.core.strings.ToCamelCastTest" assertions="3" time="0.000136"/>
        <testcase name="testSpecialCharacters" file="/Users/ooop/projects/oihana/oihana-php-core/tests/oihana/core/strings/ToCamelCastTest.php" line="54" class="oihana\core\strings\ToCamelCastTest" classname="oihana.core.strings.ToCamelCastTest" assertions="2" time="0.000114"/>
        <testcase name="testNumbers" file="/Users/ooop/projects/oihana/oihana-php-core/tests/oihana/core/strings/ToCamelCastTest.php" line="60" class="oihana\core\strings\ToCamelCastTest" classname="oihana.core.strings.ToCamelCastTest" assertions="1" time="0.000118"/>
        <testcase name="testUnicodeCharacters" file="/Users/ooop/projects/oihana/oihana-php-core/tests/oihana/core/strings/ToCamelCastTest.php" line="65" class="oihana\core\strings\ToCamelCastTest" classname="oihana.core.strings.ToCamelCastTest" assertions="1" time="0.000128"/>
      </testsuite>
      <testsuite name="oihana\enums\BooleanTest" file="/Users/ooop/projects/oihana/oihana-php-core/tests/oihana/enums/BooleanTest.php" tests="6" assertions="12" errors="0" failures="0" skipped="0" time="0.000881">
        <testcase name="testConstantsExist" file="/Users/ooop/projects/oihana/oihana-php-core/tests/oihana/enums/BooleanTest.php" line="9" class="oihana\enums\BooleanTest" classname="oihana.enums.BooleanTest" assertions="2" time="0.000204"/>
        <testcase name="testValuesAreStrings" file="/Users/ooop/projects/oihana/oihana-php-core/tests/oihana/enums/BooleanTest.php" line="15" class="oihana\enums\BooleanTest" classname="oihana.enums.BooleanTest" assertions="2" time="0.000123"/>
        <testcase name="testTrueIsNotFalse" file="/Users/ooop/projects/oihana/oihana-php-core/tests/oihana/enums/BooleanTest.php" line="21" class="oihana\enums\BooleanTest" classname="oihana.enums.BooleanTest" assertions="1" time="0.000170"/>
        <testcase name="testGetAllReturnsConstants" file="/Users/ooop/projects/oihana/oihana-php-core/tests/oihana/enums/BooleanTest.php" line="26" class="oihana\enums\BooleanTest" classname="oihana.enums.BooleanTest" assertions="4" time="0.000131"/>
        <testcase name="testEnumsReturnsSortedUniqueValues" file="/Users/ooop/projects/oihana/oihana-php-core/tests/oihana/enums/BooleanTest.php" line="35" class="oihana\enums\BooleanTest" classname="oihana.enums.BooleanTest" assertions="1" time="0.000131"/>
        <testcase name="testGetConstant" file="/Users/ooop/projects/oihana/oihana-php-core/tests/oihana/enums/BooleanTest.php" line="41" class="oihana\enums\BooleanTest" classname="oihana.enums.BooleanTest" assertions="2" time="0.000122"/>
      </testsuite>
      <testsuite name="oihana\traits\KeyValueTraitTest" file="/Users/ooop/projects/oihana/oihana-php-core/tests/oihana/traits/KeyValueTraitTest.php" tests="6" assertions="18" errors="0" failures="0" skipped="0" time="0.000777">
        <testcase name="testGetKeyValueFromArray" file="/Users/ooop/projects/oihana/oihana-php-core/tests/oihana/traits/KeyValueTraitTest.php" line="12" class="oihana\traits\KeyValueTraitTest" classname="oihana.traits.KeyValueTraitTest" assertions="3" time="0.000135"/>
        <testcase name="testGetKeyValueFromObject" file="/Users/ooop/projects/oihana/oihana-php-core/tests/oihana/traits/KeyValueTraitTest.php" line="20" class="oihana\traits\KeyValueTraitTest" classname="oihana.traits.KeyValueTraitTest" assertions="3" time="0.000124"/>
        <testcase name="testGetKeyValueWithExplicitIsArrayFlag" file="/Users/ooop/projects/oihana/oihana-php-core/tests/oihana/traits/KeyValueTraitTest.php" line="31" class="oihana\traits\KeyValueTraitTest" classname="oihana.traits.KeyValueTraitTest" assertions="2" time="0.000145"/>
        <testcase name="testSetKeyValueOnArray" file="/Users/ooop/projects/oihana/oihana-php-core/tests/oihana/traits/KeyValueTraitTest.php" line="41" class="oihana\traits\KeyValueTraitTest" classname="oihana.traits.KeyValueTraitTest" assertions="3" time="0.000124"/>
        <testcase name="testSetKeyValueOnObject" file="/Users/ooop/projects/oihana/oihana-php-core/tests/oihana/traits/KeyValueTraitTest.php" line="50" class="oihana\traits\KeyValueTraitTest" classname="oihana.traits.KeyValueTraitTest" assertions="3" time="0.000114"/>
        <testcase name="testSetKeyValueWithExplicitIsArrayFlag" file="/Users/ooop/projects/oihana/oihana-php-core/tests/oihana/traits/KeyValueTraitTest.php" line="61" class="oihana\traits\KeyValueTraitTest" classname="oihana.traits.KeyValueTraitTest" assertions="4" time="0.000135"/>
      </testsuite>
      <testsuite name="oihana\traits\ToStringTraitTest" file="/Users/ooop/projects/oihana/oihana-php-core/tests/oihana/traits/ToStringTraitTest.php" tests="2" assertions="2" errors="0" failures="0" skipped="0" time="0.000269">
        <testcase name="testToStringReturnsClassNameInBrackets" file="/Users/ooop/projects/oihana/oihana-php-core/tests/oihana/traits/ToStringTraitTest.php" line="17" class="oihana\traits\ToStringTraitTest" classname="oihana.traits.ToStringTraitTest" assertions="1" time="0.000145"/>
        <testcase name="testToStringCachesClassName" file="/Users/ooop/projects/oihana/oihana-php-core/tests/oihana/traits/ToStringTraitTest.php" line="25" class="oihana\traits\ToStringTraitTest" classname="oihana.traits.ToStringTraitTest" assertions="1" time="0.000125"/>
      </testsuite>
      <testsuite name="oihana\traits\UnsupportedTraitTest" file="/Users/ooop/projects/oihana/oihana-php-core/tests/oihana/traits/UnsupportedTraitTest.php" tests="2" assertions="4" errors="0" failures="0" skipped="0" time="0.000362">
        <testcase name="testUnsupportedThrowsExceptionWithDefaultMethod" file="/Users/ooop/projects/oihana/oihana-php-core/tests/oihana/traits/UnsupportedTraitTest.php" line="26" class="oihana\traits\UnsupportedTraitTest" classname="oihana.traits.UnsupportedTraitTest" assertions="2" time="0.000227"/>
        <testcase name="testUnsupportedThrowsExceptionWithMethodName" file="/Users/ooop/projects/oihana/oihana-php-core/tests/oihana/traits/UnsupportedTraitTest.php" line="38" class="oihana\traits\UnsupportedTraitTest" classname="oihana.traits.UnsupportedTraitTest" assertions="2" time="0.000136"/>
      </testsuite>
      <testsuite name="oihana\traits\UriTraitTest" file="/Users/ooop/projects/oihana/oihana-php-core/tests/oihana/traits/UriTraitTest.php" tests="6" assertions="7" errors="0" failures="0" skipped="0" time="0.000929">
        <testcase name="testBuildUriSimple" file="/Users/ooop/projects/oihana/oihana-php-core/tests/oihana/traits/UriTraitTest.php" line="21" class="oihana\traits\UriTraitTest" classname="oihana.traits.UriTraitTest" assertions="1" time="0.000230"/>
        <testcase name="testBuildUriWithQueryMerge" file="/Users/ooop/projects/oihana/oihana-php-core/tests/oihana/traits/UriTraitTest.php" line="28" class="oihana\traits\UriTraitTest" classname="oihana.traits.UriTraitTest" assertions="1" time="0.000134"/>
        <testcase name="testBuildUriWithFragmentReplace" file="/Users/ooop/projects/oihana/oihana-php-core/tests/oihana/traits/UriTraitTest.php" line="37" class="oihana\traits\UriTraitTest" classname="oihana.traits.UriTraitTest" assertions="1" time="0.000126"/>
        <testcase name="testBuildUriWithUserPassPort" file="/Users/ooop/projects/oihana/oihana-php-core/tests/oihana/traits/UriTraitTest.php" line="46" class="oihana\traits\UriTraitTest" classname="oihana.traits.UriTraitTest" assertions="1" time="0.000150"/>
        <testcase name="testBuildUriInvalidUriThrows" file="/Users/ooop/projects/oihana/oihana-php-core/tests/oihana/traits/UriTraitTest.php" line="53" class="oihana\traits\UriTraitTest" classname="oihana.traits.UriTraitTest" assertions="2" time="0.000153"/>
        <testcase name="testBuildUriEmptyFragmentAndQuery" file="/Users/ooop/projects/oihana/oihana-php-core/tests/oihana/traits/UriTraitTest.php" line="62" class="oihana\traits\UriTraitTest" classname="oihana.traits.UriTraitTest" assertions="1" time="0.000136"/>
      </testsuite>
    </testsuite>
  </testsuite>
</testsuites>
